\BOOKMARK [0][-]{chapter*.1}{\376\377\000R\000e\000s\000u\000m\000e}{}% 1
\BOOKMARK [0][-]{chapter*.4}{\376\377\000I\000n\000d\000l\000e\000d\000n\000i\000n\000g}{}% 2
\BOOKMARK [0][-]{chapter.1}{\376\377\000A\000l\000g\000o\000r\000i\000t\000m\000e\000r\000s\000\040\000U\000d\000f\000\370\000r\000e\000l\000s\000e\000s\000t\000i\000d}{}% 3
\BOOKMARK [1][-]{section.1.1}{\376\377\000T\000i\000d\000\040\000s\000o\000m\000\040\000F\000u\000n\000k\000t\000i\000o\000n\000\040\000a\000f\000\040\000I\000n\000p\000u\000t\000t\000e\000t\000s\000\040\000S\000t\000\370\000r\000r\000e\000l\000s\000e}{chapter.1}% 4
\BOOKMARK [1][-]{section.1.2}{\376\377\000S\000t\000o\000r\000e\000-\000O\000-\000A\000n\000a\000l\000y\000s\000e}{chapter.1}% 5
\BOOKMARK [1][-]{section.1.3}{\376\377\000K\000o\000m\000p\000l\000e\000k\000s\000i\000t\000e\000t\000s\000k\000l\000a\000s\000s\000e\000r}{chapter.1}% 6
\BOOKMARK [0][-]{chapter.2}{\376\377\000S\000o\000r\000t\000e\000r\000i\000n\000g\000s\000a\000l\000g\000o\000r\000i\000t\000m\000e\000r}{}% 7
\BOOKMARK [1][-]{section.2.1}{\376\377\000H\000v\000a\000d\000\040\000e\000r\000\040\000s\000o\000r\000t\000e\000r\000i\000n\000g\000?}{chapter.2}% 8
\BOOKMARK [1][-]{section.2.2}{\376\377\000I\000n\000s\000e\000r\000t\000i\000o\000n\000s\000o\000r\000t}{chapter.2}% 9
\BOOKMARK [2][-]{subsection.2.2.1}{\376\377\000I\000n\000s\000e\000r\000t\000i\000o\000n\000s\000o\000r\000t\000\040\000P\000r\000o\000c\000e\000d\000u\000r\000e}{section.2.2}% 10
\BOOKMARK [2][-]{subsection.2.2.2}{\376\377\000E\000g\000e\000n\000s\000k\000a\000b\000e\000r\000\040\000a\000f\000\040\000I\000n\000s\000e\000r\000t\000i\000o\000n\000s\000o\000r\000t}{section.2.2}% 11
\BOOKMARK [1][-]{section.2.3}{\376\377\000M\000e\000r\000g\000e\000s\000o\000r\000t}{chapter.2}% 12
\BOOKMARK [2][-]{subsection.2.3.1}{\376\377\000M\000e\000r\000g\000e\000s\000o\000r\000t\000\040\000P\000r\000o\000c\000e\000d\000u\000r\000e}{section.2.3}% 13
\BOOKMARK [2][-]{subsection.2.3.2}{\376\377\000T\000i\000d\000s\000k\000o\000m\000p\000l\000e\000k\000s\000i\000t\000e\000t\000e\000n\000\040\000a\000f\000\040\000M\000e\000r\000g\000e\000s\000o\000r\000t}{section.2.3}% 14
\BOOKMARK [1][-]{section.2.4}{\376\377\000S\000t\000o\000r\000e\000-\000O\000-\000A\000n\000a\000l\000y\000s\000e\000\040\000a\000f\000\040\000I\000n\000s\000e\000r\000t\000i\000o\000n\000s\000o\000r\000t}{chapter.2}% 15
\BOOKMARK [2][-]{subsection.2.4.1}{\376\377\000I\000n\000s\000e\000r\000t\000i\000o\000n\000s\000o\000r\000t\000\040\000i\000\040\000V\000\346\000r\000s\000t\000e\000\040\000T\000i\000l\000f\000\346\000l\000d\000e}{section.2.4}% 16
\BOOKMARK [0][-]{chapter.3}{\376\377\000B\000i\000n\000\346\000r\000e\000\040\000T\000r\000\346\000e\000r}{}% 17
\BOOKMARK [1][-]{section.3.1}{\376\377\000H\000v\000a\000d\000\040\000e\000r\000\040\000e\000t\000\040\000T\000r\000\346}{chapter.3}% 18
\BOOKMARK [1][-]{section.3.2}{\376\377\000E\000t\000\040\000B\000i\000n\000\346\000r\000t\000\040\000T\000r\000\346}{chapter.3}% 19
\BOOKMARK [1][-]{section.3.3}{\376\377\000B\000l\000a\000d\000e\000\040\000i\000\040\000e\000t\000\040\000F\000u\000l\000d\000t\000\040\000B\000i\000n\000\346\000r\000t\000\040\000T\000r\000\346}{chapter.3}% 20
\BOOKMARK [1][-]{section.3.4}{\376\377\000B\000i\000n\000\346\000r\000e\000\040\000T\000r\000\346\000e\000r\000\040\000o\000g\000\040\000S\000o\000r\000t\000e\000r\000i\000n\000g\000s\000a\000l\000g\000o\000r\000i\000t\000m\000e\000r}{chapter.3}% 21
\BOOKMARK [2][-]{subsection.3.4.1}{\376\377\000D\000e\000t\000\040\000M\000i\000n\000d\000s\000t\000e\000\040\000a\000n\000t\000a\000l\000\040\000S\000a\000m\000m\000e\000n\000l\000i\000g\000n\000i\000n\000g\000e\000r}{section.3.4}% 22
\BOOKMARK [1][-]{section.3.5}{\376\377\000H\000\370\000j\000d\000e\000n\000\040\000a\000f\000\040\000e\000t\000\040\000B\000i\000n\000\346\000r\000t\000\040\000T\000r\000\346}{chapter.3}% 23
\BOOKMARK [1][-]{section.3.6}{\376\377\000S\000t\000o\000r\000e\000-\000O\000\040\000e\000r\000\040\000V\000\346\000r\000s\000t\000e\000\040\000T\000i\000l\000f\000\346\000l\000d\000e}{chapter.3}% 24
\BOOKMARK [1][-]{section.3.7}{\376\377\000M\000e\000r\000g\000e\000s\000o\000r\000t\000\040\000o\000g\000\040\000D\000e\000n\000\040\000N\000e\000d\000r\000e\000\040\000G\000r\000\346\000n\000s\000e}{chapter.3}% 25
\BOOKMARK [0][-]{chapter.4}{\376\377\000I\000m\000p\000l\000e\000m\000e\000n\000t\000e\000r\000i\000n\000g\000\040\000o\000g\000\040\000T\000e\000s\000t}{}% 26
\BOOKMARK [1][-]{section.4.1}{\376\377\000P\000y\000t\000h\000o\000n}{chapter.4}% 27
\BOOKMARK [1][-]{section.4.2}{\376\377\000I\000m\000p\000l\000e\000m\000e\000n\000t\000e\000r\000i\000n\000g}{chapter.4}% 28
\BOOKMARK [1][-]{section.4.3}{\376\377\000T\000e\000s\000t\000\040\000a\000f\000\040\000S\000o\000r\000t\000e\000r\000i\000n\000g\000s\000a\000l\000g\000o\000r\000i\000t\000m\000e\000r}{chapter.4}% 29
\BOOKMARK [1][-]{section.4.4}{\376\377\000D\000e\000\040\000R\000e\000e\000l\000l\000e\000\040\000U\000d\000f\000\370\000r\000e\000l\000s\000e\000s\000t\000i\000d\000e\000r}{chapter.4}% 30
\BOOKMARK [2][-]{subsection.4.4.1}{\376\377\000H\000v\000o\000r\000n\000\345\000r\000\040\000e\000r\000\040\000I\000n\000s\000e\000r\000t\000i\000o\000n\000s\000o\000r\000t\000\040\000H\000u\000r\000t\000i\000g\000s\000t\000?}{section.4.4}% 31
\BOOKMARK [1][-]{section.4.5}{\376\377\000O\000p\000t\000i\000m\000e\000r\000i\000n\000g\000\040\000a\000f\000\040\000M\000e\000r\000g\000e\000s\000o\000r\000t}{chapter.4}% 32
\BOOKMARK [2][-]{subsection.4.5.1}{\376\377\000S\000a\000m\000m\000e\000n\000l\000i\000g\000n\000i\000n\000g\000\040\000a\000f\000\040\000O\000p\000t\000i\000m\000e\000r\000e\000d\000e\000\040\000A\000l\000g\000o\000r\000i\000t\000m\000e\000r}{section.4.5}% 33
\BOOKMARK [0][-]{chapter.5}{\376\377\000K\000o\000n\000k\000l\000u\000s\000i\000o\000n}{}% 34
\BOOKMARK [0][-]{chapter*.27}{\376\377\000B\000i\000l\000a\000g\000\040\0001\000\040\000-\000\040\000A\000l\000g\000o\000r\000i\000t\000m\000e\000r\000\040\000o\000g\000\040\000D\000a\000t\000a\000g\000e\000n\000e\000r\000a\000t\000i\000o\000n}{}% 35
\BOOKMARK [0][-]{chapter*.28}{\376\377\000B\000i\000l\000a\000g\000\040\0002\000\040\000-\000\040\000D\000a\000t\000a\000b\000e\000h\000a\000n\000d\000l\000i\000n\000g\000\040\000o\000g\000\040\000P\000l\000o\000t\000s}{}% 36
