change detected in ./dele/ MODIFY deToAlgoritmer.tex
change detected in ./dele/ MODIFY deToAlgoritmer.tex
change detected in ./dele/ MODIFY deToAlgoritmer.tex
change detected in ./dele/ MODIFY deToAlgoritmer.tex
change detected in ./dele/ MODIFY deToAlgoritmer.tex
change detected in ./dele/ MODIFY deToAlgoritmer.tex
change detected in ./dele/ MODIFY deToAlgoritmer.tex
change detected in ./dele/ MODIFY deToAlgoritmer.tex
change detected in ./dele/ MODIFY deToAlgoritmer.tex
change detected in ./dele/ MODIFY deToAlgoritmer.tex
change detected in ./dele/ MODIFY deToAlgoritmer.tex
change detected in ./dele/ MODIFY deToAlgoritmer.tex
change detected in ./dele/ MODIFY deToAlgoritmer.tex
change detected in ./dele/ MODIFY deToAlgoritmer.tex
change detected in ./dele/ MODIFY deToAlgoritmer.tex
change detected in ./dele/ MODIFY deToAlgoritmer.tex
change detected in ./dele/ MODIFY deToAlgoritmer.tex
change detected in ./dele/ MODIFY deToAlgoritmer.tex
change detected in ./dele/ MODIFY deToAlgoritmer.tex
change detected in ./dele/ MODIFY deToAlgoritmer.tex
change detected in ./dele/ MODIFY deToAlgoritmer.tex
change detected in ./dele/ MODIFY deToAlgoritmer.tex
change detected in ./dele/ MODIFY deToAlgoritmer.tex
change detected in ./dele/ MODIFY deToAlgoritmer.tex
change detected in ./dele/ MODIFY deToAlgoritmer.tex
change detected in ./dele/ MODIFY deToAlgoritmer.tex
change detected in ./dele/ MODIFY deToAlgoritmer.tex
change detected in ./dele/ MODIFY deToAlgoritmer.tex
change detected in ./dele/ MODIFY deToAlgoritmer.tex
change detected in ./dele/ MODIFY deToAlgoritmer.tex
change detected in ./dele/ MODIFY deToAlgoritmer.tex
change detected in ./dele/ MODIFY deToAlgoritmer.tex
change detected in ./dele/ MODIFY deToAlgoritmer.tex
change detected in ./dele/ MODIFY deToAlgoritmer.tex
change detected in ./dele/ MODIFY indledning.tex
change detected in ./dele/ MODIFY deToAlgoritmer.tex
change detected in ./dele/ MODIFY deToAlgoritmer.tex
change detected in ./dele/ MODIFY deToAlgoritmer.tex
change detected in ./dele/ MODIFY deToAlgoritmer.tex
change detected in ./ MODIFY SRP.tex
change detected in ./ MODIFY SRP.tex
change detected in ./ MODIFY SRP.tex
change detected in ./dele/ MODIFY deToAlgoritmer.tex
change detected in ./dele/ MODIFY deToAlgoritmer.tex
change detected in ./dele/ MODIFY deToAlgoritmer.tex
change detected in ./dele/ MODIFY deToAlgoritmer.tex
change detected in ./dele/ MODIFY deToAlgoritmer.tex
change detected in ./dele/ MODIFY deToAlgoritmer.tex
change detected in ./dele/ MODIFY deToAlgoritmer.tex
change detected in ./dele/ MODIFY deToAlgoritmer.tex
change detected in ./dele/ MODIFY deToAlgoritmer.tex
change detected in ./dele/ MODIFY deToAlgoritmer.tex
change detected in ./dele/ MODIFY deToAlgoritmer.tex
change detected in ./dele/ MODIFY deToAlgoritmer.tex
change detected in ./dele/ MODIFY deToAlgoritmer.tex
change detected in ./dele/ MODIFY deToAlgoritmer.tex
change detected in ./ MODIFY SRP.tex
change detected in ./ MODIFY SRP.tex
change detected in ./ MODIFY SRP.tex
change detected in ./dele/ MODIFY resume.tex
change detected in ./dele/ MODIFY resume.tex
change detected in ./dele/ MODIFY resume.tex
change detected in ./dele/ MODIFY deToAlgoritmer.tex
change detected in ./dele/ MODIFY deToAlgoritmer.tex
change detected in ./dele/ MODIFY deToAlgoritmer.tex
change detected in ./dele/ MODIFY deToAlgoritmer.tex
change detected in ./dele/ MODIFY deToAlgoritmer.tex
change detected in ./backend/ MODIFY SRP.bib
change detected in ./dele/ MODIFY deToAlgoritmer.tex
change detected in ./dele/ MODIFY deToAlgoritmer.tex
change detected in ./dele/ MODIFY stote-o-notation.tex
change detected in ./ MODIFY SRP.tex
change detected in ./ MODIFY SRP.tex
change detected in ./dele/ MODIFY store-o-notation.tex
change detected in ./dele/ MODIFY store-o-notation.tex
change detected in ./dele/ MODIFY store-o-notation.tex
change detected in ./dele/ MODIFY store-o-notation.tex
change detected in ./ MODIFY SRP.tex
change detected in ./ MODIFY SRP.tex
